[2022/03/22 19:29:04] [HttpService.js:66:29] Listening to port: 8080
[2022/03/22 19:32:28] [HttpService.js:58:29] [32m[HTTP ROUTER][39m [36mGET[39m [35m/is-username-taken?username=test%201[39m
[2022/03/22 19:32:28] [HttpService.js:44:29] [32m[WS ROUTER][39m [36mGET[39m [35m/socket.io/?username=test%201&EIO=4&transport=websocket[39m
[2022/03/22 19:33:02] [HttpService.js:58:29] [32m[HTTP ROUTER][39m [36mGET[39m [35m/is-username-taken?username=test%201[39m
[2022/03/22 19:33:02] [HttpService.js:44:29] [32m[WS ROUTER][39m [36mGET[39m [35m/socket.io/?username=test%201&EIO=4&transport=websocket[39m
[2022/03/22 19:40:23] [HttpService.js:58:29] [32m[HTTP ROUTER][39m [36mGET[39m [35m/is-username-taken?username=test%201[39m
[2022/03/22 19:40:28] [HttpService.js:58:29] [32m[HTTP ROUTER][39m [36mGET[39m [35m/is-username-taken?username=test%201[39m
[2022/03/22 19:40:35] [HttpService.js:58:29] [32m[HTTP ROUTER][39m [36mGET[39m [35m/is-username-taken?username=test%201[39m
[2022/03/22 19:48:46] [HttpService.js:58:29] [32m[HTTP ROUTER][39m [36mGET[39m [35m/is-username-taken?username=test1[39m
[2022/03/22 19:48:46] [HttpService.js:44:29] [32m[WS ROUTER][39m [36mGET[39m [35m/socket.io/?username=test1&EIO=4&transport=websocket[39m
[2022/03/22 19:48:50] [HttpService.js:58:29] [32m[HTTP ROUTER][39m [36mGET[39m [35m/is-username-taken?username=test1[39m
[2022/03/22 19:48:50] [HttpService.js:44:29] [32m[WS ROUTER][39m [36mGET[39m [35m/socket.io/?username=test1&EIO=4&transport=websocket[39m
[2022/03/22 19:49:06] [HttpService.js:58:29] [32m[HTTP ROUTER][39m [36mGET[39m [35m/is-username-taken?username=test%201[39m
[2022/03/22 19:49:08] [HttpService.js:58:29] [32m[HTTP ROUTER][39m [36mGET[39m [35m/is-username-taken?username=test1[39m
[2022/03/22 19:49:11] [HttpService.js:58:29] [32m[HTTP ROUTER][39m [36mGET[39m [35m/is-username-taken?username=test2[39m
[2022/03/22 19:52:19] [HttpService.js:68:29] Listening to port: 8080
[2022/03/22 19:52:32] [HttpService.js:58:29] [32m[HTTP ROUTER][39m [36mGET[39m [35m/is-username-taken?username=test[39m
[2022/03/22 19:52:32] [HttpService.js:44:29] [32m[WS ROUTER][39m [36mGET[39m [35m/socket.io/?username=test&EIO=4&transport=websocket[39m
[2022/03/22 19:52:38] [HttpService.js:58:29] [32m[HTTP ROUTER][39m [36mGET[39m [35m/is-username-taken?username=test[39m
[2022/03/22 19:52:38] [HttpService.js:44:29] [32m[WS ROUTER][39m [36mGET[39m [35m/socket.io/?username=test&EIO=4&transport=websocket[39m
[2022/03/22 19:53:12] [HttpService.js:68:29] Listening to port: 8080
[2022/03/22 19:53:12] [HttpService.js:44:29] [32m[WS ROUTER][39m [36mGET[39m [35m/socket.io/?username=test&EIO=4&transport=websocket[39m
[2022/03/22 19:53:13] [HttpService.js:44:29] [32m[WS ROUTER][39m [36mGET[39m [35m/socket.io/?username=test&EIO=4&transport=websocket[39m
[2022/03/22 19:53:19] [HttpService.js:58:29] [32m[HTTP ROUTER][39m [36mGET[39m [35m/is-username-taken?username=t[39m
[2022/03/22 19:53:19] [HttpService.js:44:29] [32m[WS ROUTER][39m [36mGET[39m [35m/socket.io/?username=t&EIO=4&transport=websocket[39m
[2022/03/22 19:54:01] [HttpService.js:66:29] Listening to port: 8080
[2022/03/22 19:54:01] [HttpService.js:44:29] [32m[WS ROUTER][39m [36mGET[39m [35m/socket.io/?username=t&EIO=4&transport=websocket[39m
[2022/03/22 19:54:01] [HttpService.js:44:29] [32m[WS ROUTER][39m [36mGET[39m [35m/socket.io/?username=test&EIO=4&transport=websocket[39m
[2022/03/22 19:54:16] [HttpService.js:58:29] [32m[HTTP ROUTER][39m [36mGET[39m [35m/is-username-taken?username=test[39m
[2022/03/22 19:54:16] [HttpService.js:44:29] [32m[WS ROUTER][39m [36mGET[39m [35m/socket.io/?username=test&EIO=4&transport=websocket[39m
[2022/03/22 19:54:19] [HttpService.js:58:29] [32m[HTTP ROUTER][39m [36mGET[39m [35m/is-username-taken?username=test[39m
[2022/03/22 19:54:20] [HttpService.js:58:29] [32m[HTTP ROUTER][39m [36mGET[39m [35m/is-username-taken?username=test2[39m
[2022/03/22 19:54:20] [HttpService.js:44:29] [32m[WS ROUTER][39m [36mGET[39m [35m/socket.io/?username=test2&EIO=4&transport=websocket[39m
[2022/03/22 20:14:31] [HttpService.js:66:29] Listening to port: 8080
[2022/03/22 20:14:37] [HttpService.js:44:29] [32m[WS ROUTER][39m [36mGET[39m [35m/socket.io/?username=test2&EIO=4&transport=websocket[39m
[2022/03/22 20:14:37] [HttpService.js:44:29] [32m[WS ROUTER][39m [36mGET[39m [35m/socket.io/?username=test&EIO=4&transport=websocket[39m
[2022/03/22 20:48:04] [HttpService.js:66:29] Listening to port: 8080
[2022/03/22 20:48:04] [HttpService.js:44:29] [32m[WS ROUTER][39m [36mGET[39m [35m/socket.io/?username=test2&EIO=4&transport=websocket[39m
[2022/03/22 20:48:34] [HttpService.js:58:29] [32m[HTTP ROUTER][39m [36mGET[39m [35m/is-username-taken?username=test[39m
[2022/03/22 20:48:34] [HttpService.js:44:29] [32m[WS ROUTER][39m [36mGET[39m [35m/socket.io/?username=test&EIO=4&transport=websocket[39m
[2022/03/22 20:48:39] [HttpService.js:58:29] [32m[HTTP ROUTER][39m [36mGET[39m [35m/is-username-taken?username=ee5af345[39m
[2022/03/22 20:48:39] [HttpService.js:44:29] [32m[WS ROUTER][39m [36mGET[39m [35m/socket.io/?username=ee5af345&EIO=4&transport=websocket[39m
