[2022/03/23 10:00:18] [HttpService.js:65:29] Listening to port: 8080
[2022/03/23 10:01:55] [HttpService.js:65:29] Listening to port: 8080
[2022/03/23 10:02:03] [HttpService.js:58:29] [32m[HTTP ROUTER][39m [36mGET[39m [35m/is-username-taken?username=test[39m
[2022/03/23 10:02:03] [HttpService.js:44:29] [32m[WS ROUTER][39m [36mGET[39m [35m/socket.io/?username=test&EIO=4&transport=websocket[39m
[2022/03/23 10:02:05] [HttpService.js:58:29] [32m[HTTP ROUTER][39m [36mGET[39m [35m/is-username-taken?username=test1[39m
[2022/03/23 10:02:05] [HttpService.js:44:29] [32m[WS ROUTER][39m [36mGET[39m [35m/socket.io/?username=test1&EIO=4&transport=websocket[39m
[2022/03/23 10:02:33] [HttpService.js:65:29] Listening to port: 8080
[2022/03/23 10:02:33] [HttpService.js:44:29] [32m[WS ROUTER][39m [36mGET[39m [35m/socket.io/?username=test1&EIO=4&transport=websocket[39m
[2022/03/23 10:02:33] [HttpService.js:44:29] [32m[WS ROUTER][39m [36mGET[39m [35m/socket.io/?username=test&EIO=4&transport=websocket[39m
[2022/03/23 10:02:38] [HttpService.js:58:29] [32m[HTTP ROUTER][39m [36mGET[39m [35m/is-username-taken?username=test[39m
[2022/03/23 10:02:38] [HttpService.js:44:29] [32m[WS ROUTER][39m [36mGET[39m [35m/socket.io/?username=test&EIO=4&transport=websocket[39m
[2022/03/23 10:02:40] [HttpService.js:58:29] [32m[HTTP ROUTER][39m [36mGET[39m [35m/is-username-taken?username=test[39m
[2022/03/23 10:02:41] [HttpService.js:58:29] [32m[HTTP ROUTER][39m [36mGET[39m [35m/is-username-taken?username=test2[39m
[2022/03/23 10:02:41] [HttpService.js:44:29] [32m[WS ROUTER][39m [36mGET[39m [35m/socket.io/?username=test2&EIO=4&transport=websocket[39m
[2022/03/23 10:06:13] [HttpService.js:65:29] Listening to port: 8080
[2022/03/23 10:06:23] [HttpService.js:58:29] [32m[HTTP ROUTER][39m [36mGET[39m [35m/is-username-taken?username=1[39m
[2022/03/23 10:06:23] [HttpService.js:44:29] [32m[WS ROUTER][39m [36mGET[39m [35m/socket.io/?username=1&EIO=4&transport=websocket[39m
[2022/03/23 10:06:26] [HttpService.js:58:29] [32m[HTTP ROUTER][39m [36mGET[39m [35m/is-username-taken?username=2[39m
[2022/03/23 10:06:26] [HttpService.js:44:29] [32m[WS ROUTER][39m [36mGET[39m [35m/socket.io/?username=2&EIO=4&transport=websocket[39m
[2022/03/23 15:25:06] [HttpService.js:65:29] Listening to port: 8080
[2022/03/23 18:44:28] [HttpService.js:65:29] Listening to port: 8080
[2022/03/23 18:44:33] [HttpService.js:58:29] [32m[HTTP ROUTER][39m [36mGET[39m [35m/is-username-taken?username=test[39m
[2022/03/23 18:44:33] [HttpService.js:44:29] [32m[WS ROUTER][39m [36mGET[39m [35m/socket.io/?username=test&EIO=4&transport=websocket[39m
[2022/03/23 18:44:36] [HttpService.js:58:29] [32m[HTTP ROUTER][39m [36mGET[39m [35m/is-username-taken?username=test[39m
[2022/03/23 18:44:37] [HttpService.js:58:29] [32m[HTTP ROUTER][39m [36mGET[39m [35m/is-username-taken?username=test6[39m
[2022/03/23 18:44:37] [HttpService.js:44:29] [32m[WS ROUTER][39m [36mGET[39m [35m/socket.io/?username=test6&EIO=4&transport=websocket[39m
